This is XeTeX, Version 3.141592653-2.6-0.999994 (TeX Live 2022) (preloaded format=xelatex 2023.2.25)  2 MAR 2023 01:28
entering extended mode
 restricted \write18 enabled.
 %&-line parsing enabled.
**"/Users/gordonhome/Library/Mobile Documents/com~apple~CloudDocs/LittleMonkeyiCloudHub/LittleMonkeyR/RM2024-5/inst/test.tex"
! Emergency stop.
<to be read again> 
                   \protect 
<*> ...rs/gordonhome/Library/Mobile Documents/com~
                                                  apple~CloudDocs/LittleMonk...
*** (job aborted, file error in nonstop mode)

 
Here is how much of TeX's memory you used:
 3 strings out of 478663
 56 string characters out of 5846874
 1842018 words of memory out of 5000000
 20227 multiletter control sequences out of 15000+600000
 512287 words of font info for 32 fonts, out of 8000000 for 9000
 14 hyphenation exceptions out of 8191
 3i,0n,0p,1b,6s stack positions out of 10000i,1000n,20000p,200000b,200000s
No pages of output.
